#
# A fatal error has been detected by the Java Runtime Environment:
#
#  SIGSEGV (0xb) at pc=0x00007f797e3fb0d1, pid=23568, tid=23585
#
# JRE version: OpenJDK Runtime Environment (12.0+32) (build 12+32)
# Java VM: OpenJDK 64-Bit Server VM (12+32, mixed mode, sharing, tiered, compressed oops, g1 gc, linux-amd64)
# Problematic frame:
# C  [libjimage.so+0x40d1]  ImageStrings::find(Endian*, char const*, int*, unsigned int)+0x71
#
# Core dump will be written. Default location: Core dumps may be processed with "/usr/lib/systemd/systemd-coredump %P %u %g %s %t %c %h %e" (or dumping to /home/asedighi/Projects/FIS/java/redis/core.23568)
#
# If you would like to submit a bug report, please visit:
#   http://bugreport.java.com/bugreport/crash.jsp
#

---------------  S U M M A R Y ------------

Command Line: -agentlib:jdwp=transport=dt_socket,suspend=y,address=localhost:38153 -javaagent:/home/asedighi/eclipse/jee-2019-03/eclipse/configuration/org.eclipse.osgi/404/0/.cp/lib/javaagent-shaded.jar -Dfile.encoding=UTF-8 com.fisglobal.api.helper.ConfigurationManager

Host: Intel(R) Core(TM) i7-8665U CPU @ 1.90GHz, 7 cores, 7G, Fedora release 29 (Twenty Nine)
Time: Tue Jun 30 13:10:08 2020 EDT elapsed time: 31 seconds (0d 0h 0m 31s)

---------------  T H R E A D  ---------------

Current thread (0x00007f7978171000):  JavaThread "Signal Dispatcher" daemon [_thread_in_vm, id=23585, stack(0x00007f795c4b9000,0x00007f795c5ba000)]

Stack: [0x00007f795c4b9000,0x00007f795c5ba000],  sp=0x00007f795c5b7130,  free space=1016k
Native frames: (J=compiled Java code, A=aot compiled Java code, j=interpreted, Vv=VM code, C=native code)
C  [libjimage.so+0x40d1]  ImageStrings::find(Endian*, char const*, int*, unsigned int)+0x71
C  [libjimage.so+0x4dba]  ImageFileReader::find_location_index(char const*, unsigned long long*) const+0x3a
C  [libjimage.so+0x52ba]  JIMAGE_FindResource+0xfa
V  [libjvm.so+0x5a0c0e]